<?xml version="1.0" encoding="UTF-8"?>
<testng-results ignored="15" total="16" passed="1" failed="0" skipped="0">
  <reporter-output>
  </reporter-output>
  <suite started-at="2023-05-08T19:39:14 CDT" name="Failed suite [Failed suite [Default suite]]" finished-at="2023-05-08T19:39:16 CDT" duration-ms="2358">
    <groups>
    </groups>
    <test started-at="2023-05-08T19:39:14 CDT" name="Default test(failed)(failed)" finished-at="2023-05-08T19:39:16 CDT" duration-ms="2358">
      <class name="testLayer.SignUpTest">
        <test-method is-config="true" signature="initsetup()[pri:0, instance:testLayer.SignUpTest@1e683a3e]" started-at="2023-05-08T19:39:14 CDT" name="initsetup" finished-at="2023-05-08T19:39:16 CDT" duration-ms="1967" status="PASS">
          <reporter-output>
          </reporter-output>
        </test-method> <!-- initsetup -->
        <test-method signature="TC5_partial_mobile_number()[pri:0, instance:testLayer.SignUpTest@1e683a3e]" started-at="2023-05-08T19:39:16 CDT" name="TC5_partial_mobile_number" finished-at="2023-05-08T19:39:16 CDT" duration-ms="285" status="PASS">
          <reporter-output>
          </reporter-output>
        </test-method> <!-- TC5_partial_mobile_number -->
        <test-method is-config="true" signature="close()[pri:0, instance:testLayer.SignUpTest@1e683a3e]" started-at="2023-05-08T19:39:16 CDT" name="close" finished-at="2023-05-08T19:39:16 CDT" duration-ms="80" status="PASS">
          <reporter-output>
          </reporter-output>
        </test-method> <!-- close -->
      </class> <!-- testLayer.SignUpTest -->
    </test> <!-- Default test(failed)(failed) -->
  </suite> <!-- Failed suite [Failed suite [Default suite]] -->
</testng-results>
