<?xml version="1.0" encoding="UTF-8"?>
<!-- Generated by org.testng.reporters.JUnitXMLReporter -->
<testsuite ignored="15" hostname="Phantom" failures="0" tests="1" name="Default test(failed)(failed)" time="2.358" errors="0" timestamp="2023-05-08T19:39:16 CDT">
  <testcase classname="testLayer.SignUpTest" name="TC5_partial_mobile_number" time="0.285"/>
  <testcase classname="testLayer.SignUpTest" name="TC9_invalid_password_less_than_6_characters" time="0.0">
    <ignored/>
  </testcase> <!-- TC9_invalid_password_less_than_6_characters -->
  <testcase classname="testLayer.SignUpTest" name="TC4_invalid_mobile_number" time="0.0">
    <ignored/>
  </testcase> <!-- TC4_invalid_mobile_number -->
  <testcase classname="testLayer.SignUpTest" name="TC7_valid_email" time="0.0">
    <ignored/>
  </testcase> <!-- TC7_valid_email -->
  <testcase classname="testLayer.SignUpTest" name="TC10_valid_password_of_6_characters" time="0.0">
    <ignored/>
  </testcase> <!-- TC10_valid_password_of_6_characters -->
  <testcase classname="testLayer.SignUpTest" name="TC8_invalid_email" time="0.0">
    <ignored/>
  </testcase> <!-- TC8_invalid_email -->
  <testcase classname="testLayer.SignUpTest" name="TC13_different_password_in_password_again_field" time="0.0">
    <ignored/>
  </testcase> <!-- TC13_different_password_in_password_again_field -->
  <testcase classname="testLayer.SignUpTest" name="TC11_valid_password_more_than_6_characters" time="0.0">
    <ignored/>
  </testcase> <!-- TC11_valid_password_more_than_6_characters -->
  <testcase classname="testLayer.SignUpTest" name="TC6_empty_mobile_number_field" time="0.0">
    <ignored/>
  </testcase> <!-- TC6_empty_mobile_number_field -->
  <testcase classname="testLayer.SignUpTest" name="TC15_all_valid_information_existing_account" time="0.0">
    <ignored/>
  </testcase> <!-- TC15_all_valid_information_existing_account -->
  <testcase classname="testLayer.SignUpTest" name="TC12_same_password_in_password_again_field" time="0.0">
    <ignored/>
  </testcase> <!-- TC12_same_password_in_password_again_field -->
  <testcase classname="testLayer.SignUpTest" name="TC1_valid_name" time="0.0">
    <ignored/>
  </testcase> <!-- TC1_valid_name -->
  <testcase classname="testLayer.SignUpTest" name="TC3_valid_mobile_number" time="0.0">
    <ignored/>
  </testcase> <!-- TC3_valid_mobile_number -->
  <testcase classname="testLayer.SignUpTest" name="TC14_all_valid_information_new_account" time="0.0">
    <ignored/>
  </testcase> <!-- TC14_all_valid_information_new_account -->
  <testcase classname="testLayer.SignUpTest" name="TitleCheck" time="0.0">
    <ignored/>
  </testcase> <!-- TitleCheck -->
  <testcase classname="testLayer.SignUpTest" name="TC2_empty_your_name_field" time="0.0">
    <ignored/>
  </testcase> <!-- TC2_empty_your_name_field -->
</testsuite> <!-- Default test(failed)(failed) -->
